20.12.01 15:14:30 : Starting deployment of ObjectScale
20.12.01 15:14:30 : ==============================================
20.12.01 15:14:30 : Locating kubectl...
20.12.01 15:14:31 : Client Version: v1.19.2
Server Version: v1.18.2-6+38ac483e736488
20.12.01 15:14:32 : ==============================================
20.12.01 15:14:32 : Adding the ObjectScale plugin for vSphere7
20.12.01 15:14:35 : In vSphere7 UI Navigate to Workload-Cluster > Supervisor Services > Services
20.12.01 15:14:35 : Select Dell EMC ObjectScale then Enable
20.12.01 15:23:25 : Starting deployment of ObjectScale
20.12.01 15:23:25 : ==============================================
20.12.01 15:23:25 : Locating kubectl...
20.12.01 15:23:25 : Client Version: v1.19.2
Server Version: v1.18.2-6+38ac483e736488
20.12.01 15:23:26 : ObjectScale Plugin "chemaf-4" has already been deployed
20.12.01 15:23:26 : It must be disabled and removed before a new one can be applied
20.12.01 15:24:47 : Starting deployment of ObjectScale
20.12.01 15:24:47 : ==============================================
20.12.01 15:24:47 : Locating kubectl...
20.12.01 15:24:47 : Client Version: v1.19.2
Server Version: v1.18.2-6+38ac483e736488
20.12.01 15:24:48 : ==============================================
20.12.01 15:24:48 : Adding the ObjectScale plugin for vSphere7
20.12.01 15:24:55 : In vSphere7 UI Navigate to Workload-Cluster > Supervisor Services > Services
20.12.01 15:24:55 : Select Dell EMC ObjectScale then Enable
20.12.01 17:09:35 : Starting deployment of ObjectScale
20.12.01 17:09:35 : ==============================================
20.12.01 17:09:35 : Locating kubectl...
20.12.01 17:09:36 : Client Version: v1.19.2
Server Version: v1.18.2-6+38ac483e736488
20.12.01 17:09:38 : ==============================================
20.12.01 17:09:38 : Adding the ObjectScale plugin for vSphere7
20.12.01 17:09:42 : In vSphere7 UI Navigate to Workload-Cluster > Supervisor Services > Services
20.12.01 17:09:42 : Select Dell EMC ObjectScale then Enable
